#-----------------------------------------------------------
# Vivado v2024.2 (64-bit)
# SW Build 5239630 on Fri Nov 08 22:34:34 MST 2024
# IP Build 5239520 on Sun Nov 10 16:12:51 MST 2024
# SharedData Build 5239561 on Fri Nov 08 14:39:27 MST 2024
# Start of session at: Thu Nov 20 20:28:04 2025
# Process ID         : 1812376
# Current directory  : /afs/andrew.cmu.edu/usr5/adieg/private/18240/lab5_240
# Command line       : vivado
# Log file           : /afs/andrew.cmu.edu/usr5/adieg/private/18240/lab5_240/vivado.log
# Journal file       : /afs/andrew.cmu.edu/usr5/adieg/private/18240/lab5_240/vivado.jou
# Running On         : hh-1305-14.lan.local.cmu.edu
# Platform           : RedHatEnterprise
# Operating System   : Red Hat Enterprise Linux release 8.10 (Ootpa)
# Processor Detail   : 12th Gen Intel(R) Core(TM) i7-12700
# CPU Frequency      : 2100.000 MHz
# CPU Physical cores : 12
# CPU Logical cores  : 20
# Host memory        : 33109 MB
# Swap memory        : 17179 MB
# Total Virtual      : 50289 MB
# Available Virtual  : 31365 MB
#-----------------------------------------------------------
start_gui
WARNING: [Board 49-26] cannot add Board Part xilinx.com:vek280_es:part0:1.0 available at /afs/ece.cmu.edu/support/xilinx/xilinx.release/Vivado-2024.2/Vivado/2024.2/data/xhub/boards/XilinxBoardStore/boards/Xilinx/vek280/es/rev_a/1.0/board.xml as part xcve2802-vsvh1760-2lp-e-s-es1 specified in board_part file is either invalid or not available
WARNING: [Board 49-26] cannot add Board Part xilinx.com:vek280_es:part0:1.1 available at /afs/ece.cmu.edu/support/xilinx/xilinx.release/Vivado-2024.2/Vivado/2024.2/data/xhub/boards/XilinxBoardStore/boards/Xilinx/vek280/es/rev_a/1.1/board.xml as part xcve2802-vsvh1760-2lp-e-s-es1 specified in board_part file is either invalid or not available
WARNING: [Board 49-26] cannot add Board Part xilinx.com:vek280_es_revb:part0:1.0 available at /afs/ece.cmu.edu/support/xilinx/xilinx.release/Vivado-2024.2/Vivado/2024.2/data/xhub/boards/XilinxBoardStore/boards/Xilinx/vek280/es/rev_b/1.0/board.xml as part xcve2802-vsvh1760-2mp-e-s-es1 specified in board_part file is either invalid or not available
WARNING: [Board 49-26] cannot add Board Part xilinx.com:vek280_es_revb:part0:1.1 available at /afs/ece.cmu.edu/support/xilinx/xilinx.release/Vivado-2024.2/Vivado/2024.2/data/xhub/boards/XilinxBoardStore/boards/Xilinx/vek280/es/rev_b/1.1/board.xml as part xcve2802-vsvh1760-2mp-e-s-es1 specified in board_part file is either invalid or not available
WARNING: [Board 49-26] cannot add Board Part xilinx.com:zcu208ld:part0:2.0 available at /afs/ece.cmu.edu/support/xilinx/xilinx.release/Vivado-2024.2/Vivado/2024.2/data/xhub/boards/XilinxBoardStore/boards/Xilinx/zcu208ld/production/2.0/board.xml as part xczu58dr-fsvg1517-2-i specified in board_part file is either invalid or not available
WARNING: [Board 49-26] cannot add Board Part xilinx.com:zcu216ld:part0:2.0 available at /afs/ece.cmu.edu/support/xilinx/xilinx.release/Vivado-2024.2/Vivado/2024.2/data/xhub/boards/XilinxBoardStore/boards/Xilinx/zcu216ld/production/2.0/board.xml as part xczu59dr-ffvf1760-2-i specified in board_part file is either invalid or not available
WARNING: [Board 49-26] cannot add Board Part xilinx.com:zcu670ld:part0:1.0 available at /afs/ece.cmu.edu/support/xilinx/xilinx.release/Vivado-2024.2/Vivado/2024.2/data/xhub/boards/XilinxBoardStore/boards/Xilinx/zcu670ld/1.0/board.xml as part xczu57dr-fsve1156-2-i specified in board_part file is either invalid or not available
WARNING: [Board 49-26] cannot add Board Part xilinx.com:vek280_es:part0:1.0 available at /afs/ece.cmu.edu/support/xilinx/xilinx.release/Vivado-2024.2/Vivado/2024.2/data/xhub/boards/XilinxBoardStore/boards/Xilinx/vek280/es/rev_a/1.0/board.xml as part xcve2802-vsvh1760-2lp-e-s-es1 specified in board_part file is either invalid or not available
WARNING: [Board 49-26] cannot add Board Part xilinx.com:vek280_es:part0:1.1 available at /afs/ece.cmu.edu/support/xilinx/xilinx.release/Vivado-2024.2/Vivado/2024.2/data/xhub/boards/XilinxBoardStore/boards/Xilinx/vek280/es/rev_a/1.1/board.xml as part xcve2802-vsvh1760-2lp-e-s-es1 specified in board_part file is either invalid or not available
WARNING: [Board 49-26] cannot add Board Part xilinx.com:vek280_es_revb:part0:1.0 available at /afs/ece.cmu.edu/support/xilinx/xilinx.release/Vivado-2024.2/Vivado/2024.2/data/xhub/boards/XilinxBoardStore/boards/Xilinx/vek280/es/rev_b/1.0/board.xml as part xcve2802-vsvh1760-2mp-e-s-es1 specified in board_part file is either invalid or not available
WARNING: [Board 49-26] cannot add Board Part xilinx.com:vek280_es_revb:part0:1.1 available at /afs/ece.cmu.edu/support/xilinx/xilinx.release/Vivado-2024.2/Vivado/2024.2/data/xhub/boards/XilinxBoardStore/boards/Xilinx/vek280/es/rev_b/1.1/board.xml as part xcve2802-vsvh1760-2mp-e-s-es1 specified in board_part file is either invalid or not available
WARNING: [Board 49-26] cannot add Board Part xilinx.com:zcu208ld:part0:2.0 available at /afs/ece.cmu.edu/support/xilinx/xilinx.release/Vivado-2024.2/Vivado/2024.2/data/xhub/boards/XilinxBoardStore/boards/Xilinx/zcu208ld/production/2.0/board.xml as part xczu58dr-fsvg1517-2-i specified in board_part file is either invalid or not available
WARNING: [Board 49-26] cannot add Board Part xilinx.com:zcu216ld:part0:2.0 available at /afs/ece.cmu.edu/support/xilinx/xilinx.release/Vivado-2024.2/Vivado/2024.2/data/xhub/boards/XilinxBoardStore/boards/Xilinx/zcu216ld/production/2.0/board.xml as part xczu59dr-ffvf1760-2-i specified in board_part file is either invalid or not available
WARNING: [Board 49-26] cannot add Board Part xilinx.com:zcu670ld:part0:1.0 available at /afs/ece.cmu.edu/support/xilinx/xilinx.release/Vivado-2024.2/Vivado/2024.2/data/xhub/boards/XilinxBoardStore/boards/Xilinx/zcu670ld/1.0/board.xml as part xczu57dr-fsve1156-2-i specified in board_part file is either invalid or not available
WARNING: [Board 49-26] cannot add Board Part xilinx.com:vek280_es:part0:1.0 available at /afs/ece.cmu.edu/support/xilinx/xilinx.release/Vivado-2024.2/Vivado/2024.2/data/xhub/boards/XilinxBoardStore/boards/Xilinx/vek280/es/rev_a/1.0/board.xml as part xcve2802-vsvh1760-2lp-e-s-es1 specified in board_part file is either invalid or not available
WARNING: [Board 49-26] cannot add Board Part xilinx.com:vek280_es:part0:1.1 available at /afs/ece.cmu.edu/support/xilinx/xilinx.release/Vivado-2024.2/Vivado/2024.2/data/xhub/boards/XilinxBoardStore/boards/Xilinx/vek280/es/rev_a/1.1/board.xml as part xcve2802-vsvh1760-2lp-e-s-es1 specified in board_part file is either invalid or not available
WARNING: [Board 49-26] cannot add Board Part xilinx.com:vek280_es_revb:part0:1.0 available at /afs/ece.cmu.edu/support/xilinx/xilinx.release/Vivado-2024.2/Vivado/2024.2/data/xhub/boards/XilinxBoardStore/boards/Xilinx/vek280/es/rev_b/1.0/board.xml as part xcve2802-vsvh1760-2mp-e-s-es1 specified in board_part file is either invalid or not available
WARNING: [Board 49-26] cannot add Board Part xilinx.com:vek280_es_revb:part0:1.1 available at /afs/ece.cmu.edu/support/xilinx/xilinx.release/Vivado-2024.2/Vivado/2024.2/data/xhub/boards/XilinxBoardStore/boards/Xilinx/vek280/es/rev_b/1.1/board.xml as part xcve2802-vsvh1760-2mp-e-s-es1 specified in board_part file is either invalid or not available
WARNING: [Board 49-26] cannot add Board Part xilinx.com:zcu208ld:part0:2.0 available at /afs/ece.cmu.edu/support/xilinx/xilinx.release/Vivado-2024.2/Vivado/2024.2/data/xhub/boards/XilinxBoardStore/boards/Xilinx/zcu208ld/production/2.0/board.xml as part xczu58dr-fsvg1517-2-i specified in board_part file is either invalid or not available
WARNING: [Board 49-26] cannot add Board Part xilinx.com:zcu216ld:part0:2.0 available at /afs/ece.cmu.edu/support/xilinx/xilinx.release/Vivado-2024.2/Vivado/2024.2/data/xhub/boards/XilinxBoardStore/boards/Xilinx/zcu216ld/production/2.0/board.xml as part xczu59dr-ffvf1760-2-i specified in board_part file is either invalid or not available
WARNING: [Board 49-26] cannot add Board Part xilinx.com:zcu670ld:part0:1.0 available at /afs/ece.cmu.edu/support/xilinx/xilinx.release/Vivado-2024.2/Vivado/2024.2/data/xhub/boards/XilinxBoardStore/boards/Xilinx/zcu670ld/1.0/board.xml as part xczu57dr-fsve1156-2-i specified in board_part file is either invalid or not available
WARNING: [Board 49-26] cannot add Board Part xilinx.com:vek280_es:part0:1.1 available at /afs/ece.cmu.edu/support/xilinx/xilinx.release/Vivado-2024.2/Vivado/2024.2/data/xhub/boards/XilinxBoardStore/boards/Xilinx/vek280/es/rev_a/1.1/board.xml as part xcve2802-vsvh1760-2lp-e-s-es1 specified in board_part file is either invalid or not available
WARNING: [Board 49-26] cannot add Board Part xilinx.com:vek280_es_revb:part0:1.1 available at /afs/ece.cmu.edu/support/xilinx/xilinx.release/Vivado-2024.2/Vivado/2024.2/data/xhub/boards/XilinxBoardStore/boards/Xilinx/vek280/es/rev_b/1.1/board.xml as part xcve2802-vsvh1760-2mp-e-s-es1 specified in board_part file is either invalid or not available
WARNING: [Board 49-26] cannot add Board Part xilinx.com:zcu208ld:part0:2.0 available at /afs/ece.cmu.edu/support/xilinx/xilinx.release/Vivado-2024.2/Vivado/2024.2/data/xhub/boards/XilinxBoardStore/boards/Xilinx/zcu208ld/production/2.0/board.xml as part xczu58dr-fsvg1517-2-i specified in board_part file is either invalid or not available
WARNING: [Board 49-26] cannot add Board Part xilinx.com:zcu216ld:part0:2.0 available at /afs/ece.cmu.edu/support/xilinx/xilinx.release/Vivado-2024.2/Vivado/2024.2/data/xhub/boards/XilinxBoardStore/boards/Xilinx/zcu216ld/production/2.0/board.xml as part xczu59dr-ffvf1760-2-i specified in board_part file is either invalid or not available
WARNING: [Board 49-26] cannot add Board Part xilinx.com:zcu670ld:part0:1.0 available at /afs/ece.cmu.edu/support/xilinx/xilinx.release/Vivado-2024.2/Vivado/2024.2/data/xhub/boards/XilinxBoardStore/boards/Xilinx/zcu670ld/1.0/board.xml as part xczu57dr-fsve1156-2-i specified in board_part file is either invalid or not available
create_project project_1 /afs/andrew.cmu.edu/usr5/adieg/private/18240/lab5_240/project_1 -part xc7s50csga324-1
INFO: [IP_Flow 19-234] Refreshing IP repositories
INFO: [IP_Flow 19-1704] No user IP repositories specified
INFO: [IP_Flow 19-2313] Loaded Vivado IP repository '/afs/ece.cmu.edu/support/xilinx/xilinx.release/Vivado-2024.2/Vivado/2024.2/data/ip'.
set_property simulator_language Verilog [current_project]
add_files -norecurse {/afs/andrew.cmu.edu/usr5/adieg/private/18240/lab5_240/controlpath.sv /afs/andrew.cmu.edu/usr5/adieg/private/18240/lab5_240/library.sv /afs/andrew.cmu.edu/usr5/adieg/private/18240/lab5_240/regfile.sv /afs/andrew.cmu.edu/usr5/adieg/private/18240/lab5_240/SSegDisplayDriver.sv /afs/andrew.cmu.edu/usr5/adieg/private/18240/lab5_240/alu.sv /afs/andrew.cmu.edu/usr5/adieg/private/18240/lab5_240/memory.sv /afs/andrew.cmu.edu/usr5/adieg/private/18240/lab5_240/datapath.sv /afs/andrew.cmu.edu/usr5/adieg/private/18240/lab5_240/constants.sv /afs/andrew.cmu.edu/usr5/adieg/private/18240/lab5_240/RISC240.sv}
add_files -fileset constrs_1 -norecurse /afs/andrew.cmu.edu/usr5/adieg/private/18240/lab5_240/RISC240.xdc
update_compile_order -fileset sources_1
update_compile_order -fileset sources_1
set_property top RISC240_top [current_fileset]
update_compile_order -fileset sources_1
create_ip -name dist_mem_gen -vendor xilinx.com -library ip -version 8.0 -module_name dist_mem_gen_0
set_property -dict [list \
  CONFIG.coefficient_file {/afs/andrew.cmu.edu/usr5/adieg/private/18240/lab5_240/memory.coe} \
  CONFIG.depth {16384} \
] [get_ips dist_mem_gen_0]
INFO: [IP_Flow 19-3484] Absolute path of file '/afs/andrew.cmu.edu/usr5/adieg/private/18240/lab5_240/memory.coe' provided. It will be converted relative to IP Instance files '../../../../../memory.coe'
generate_target {instantiation_template} [get_files /afs/andrew.cmu.edu/usr5/adieg/private/18240/lab5_240/project_1/project_1.srcs/sources_1/ip/dist_mem_gen_0/dist_mem_gen_0.xci]
INFO: [IP_Flow 19-1686] Generating 'Instantiation Template' target for IP 'dist_mem_gen_0'...
update_compile_order -fileset sources_1
set_property generate_synth_checkpoint false [get_files  /afs/andrew.cmu.edu/usr5/adieg/private/18240/lab5_240/project_1/project_1.srcs/sources_1/ip/dist_mem_gen_0/dist_mem_gen_0.xci]
generate_target all [get_files  /afs/andrew.cmu.edu/usr5/adieg/private/18240/lab5_240/project_1/project_1.srcs/sources_1/ip/dist_mem_gen_0/dist_mem_gen_0.xci]
INFO: [IP_Flow 19-1686] Generating 'Instantiation Template' target for IP 'dist_mem_gen_0'...
INFO: [IP_Flow 19-1686] Generating 'Synthesis' target for IP 'dist_mem_gen_0'...
INFO: [IP_Flow 19-1686] Generating 'Simulation' target for IP 'dist_mem_gen_0'...
INFO: [IP_Flow 19-1686] Generating 'Change Log' target for IP 'dist_mem_gen_0'...
export_ip_user_files -of_objects [get_files /afs/andrew.cmu.edu/usr5/adieg/private/18240/lab5_240/project_1/project_1.srcs/sources_1/ip/dist_mem_gen_0/dist_mem_gen_0.xci] -no_script -sync -force -quiet
export_simulation -lib_map_path [list {modelsim=/afs/andrew.cmu.edu/usr5/adieg/private/18240/lab5_240/project_1/project_1.cache/compile_simlib/modelsim} {questa=/afs/andrew.cmu.edu/usr5/adieg/private/18240/lab5_240/project_1/project_1.cache/compile_simlib/questa} {xcelium=/afs/andrew.cmu.edu/usr5/adieg/private/18240/lab5_240/project_1/project_1.cache/compile_simlib/xcelium} {vcs=/afs/andrew.cmu.edu/usr5/adieg/private/18240/lab5_240/project_1/project_1.cache/compile_simlib/vcs} {riviera=/afs/andrew.cmu.edu/usr5/adieg/private/18240/lab5_240/project_1/project_1.cache/compile_simlib/riviera}] -of_objects [get_files /afs/andrew.cmu.edu/usr5/adieg/private/18240/lab5_240/project_1/project_1.srcs/sources_1/ip/dist_mem_gen_0/dist_mem_gen_0.xci] -directory /afs/andrew.cmu.edu/usr5/adieg/private/18240/lab5_240/project_1/project_1.ip_user_files/sim_scripts -ip_user_files_dir /afs/andrew.cmu.edu/usr5/adieg/private/18240/lab5_240/project_1/project_1.ip_user_files -ipstatic_source_dir /afs/andrew.cmu.edu/usr5/adieg/private/18240/lab5_240/project_1/project_1.ip_user_files/ipstatic -use_ip_compiled_libs -force -quiet
launch_runs impl_1 -to_step write_bitstream -jobs 10
[Thu Nov 20 20:32:46 2025] Launched synth_1...
Run output will be captured here: /afs/andrew.cmu.edu/usr5/adieg/private/18240/lab5_240/project_1/project_1.runs/synth_1/runme.log
[Thu Nov 20 20:32:47 2025] Launched impl_1...
Run output will be captured here: /afs/andrew.cmu.edu/usr5/adieg/private/18240/lab5_240/project_1/project_1.runs/impl_1/runme.log
WARNING: [filemgmt 56-199] Attempt to get parsing info during refresh. "On-the-fly" syntax checking information may be incorrect. [/afs/andrew.cmu.edu/usr5/adieg/private/18240/lab5_240/constants.sv:]
WARNING: [filemgmt 56-199] Attempt to get parsing info during refresh. "On-the-fly" syntax checking information may be incorrect. [/afs/andrew.cmu.edu/usr5/adieg/private/18240/lab5_240/RISC240.sv:]
WARNING: [filemgmt 56-199] Attempt to get parsing info during refresh. "On-the-fly" syntax checking information may be incorrect. [/afs/andrew.cmu.edu/usr5/adieg/private/18240/lab5_240/RISC240.sv:]
WARNING: [filemgmt 56-199] Attempt to get parsing info during refresh. "On-the-fly" syntax checking information may be incorrect. [/afs/andrew.cmu.edu/usr5/adieg/private/18240/lab5_240/RISC240.sv:]
update_compile_order -fileset sources_1
WARNING: [filemgmt 56-199] Attempt to get parsing info during refresh. "On-the-fly" syntax checking information may be incorrect. [/afs/andrew.cmu.edu/usr5/adieg/private/18240/lab5_240/constants.sv:]
WARNING: [filemgmt 56-199] Attempt to get parsing info during refresh. "On-the-fly" syntax checking information may be incorrect. [/afs/andrew.cmu.edu/usr5/adieg/private/18240/lab5_240/RISC240.sv:]
WARNING: [filemgmt 56-199] Attempt to get parsing info during refresh. "On-the-fly" syntax checking information may be incorrect. [/afs/andrew.cmu.edu/usr5/adieg/private/18240/lab5_240/constants.sv:]
WARNING: [filemgmt 56-199] Attempt to get parsing info during refresh. "On-the-fly" syntax checking information may be incorrect. [/afs/andrew.cmu.edu/usr5/adieg/private/18240/lab5_240/constants.sv:]
reset_run synth_1
reset_runs: Time (s): cpu = 00:00:00.95 ; elapsed = 00:00:30 . Memory (MB): peak = 8360.387 ; gain = 9.938 ; free physical = 3754 ; free virtual = 28929
WARNING: [filemgmt 56-199] Attempt to get parsing info during refresh. "On-the-fly" syntax checking information may be incorrect. [/afs/andrew.cmu.edu/usr5/adieg/private/18240/lab5_240/constants.sv:]
WARNING: [filemgmt 56-199] Attempt to get parsing info during refresh. "On-the-fly" syntax checking information may be incorrect. [/afs/andrew.cmu.edu/usr5/adieg/private/18240/lab5_240/RISC240.sv:]
WARNING: [filemgmt 56-199] Attempt to get parsing info during refresh. "On-the-fly" syntax checking information may be incorrect. [/afs/andrew.cmu.edu/usr5/adieg/private/18240/lab5_240/constants.sv:]
WARNING: [filemgmt 56-199] Attempt to get parsing info during refresh. "On-the-fly" syntax checking information may be incorrect. [/afs/andrew.cmu.edu/usr5/adieg/private/18240/lab5_240/constants.sv:]
launch_runs impl_1 -to_step write_bitstream -jobs 10
[Thu Nov 20 20:34:48 2025] Launched synth_1...
Run output will be captured here: /afs/andrew.cmu.edu/usr5/adieg/private/18240/lab5_240/project_1/project_1.runs/synth_1/runme.log
[Thu Nov 20 20:34:48 2025] Launched impl_1...
Run output will be captured here: /afs/andrew.cmu.edu/usr5/adieg/private/18240/lab5_240/project_1/project_1.runs/impl_1/runme.log
open_hw_manager
connect_hw_server -allow_non_jtag
INFO: [Labtools 27-2285] Connecting to hw_server url TCP:localhost:3121
INFO: [Labtools 27-2222] Launching hw_server...
INFO: [Labtools 27-2221] Launch Output:

****** Xilinx hw_server v2024.2
  **** Build date : Oct 29 2024 at 10:16:47
    ** Copyright 1986-2022 Xilinx, Inc. All Rights Reserved.


INFO: [Labtools 27-3415] Connecting to cs_server url TCP:localhost:0
INFO: [Labtools 27-3417] Launching cs_server...
INFO: [Labtools 27-2221] Launch Output:


******** Xilinx cs_server v2024.2.0
  ****** Build date   : Oct 30 2024-14:19:07
    **** Build number : 2024.2.1730312347
      ** Copyright 2017-2022 Xilinx, Inc. All Rights Reserved.
      ** Copyright 2022-2025 Advanced Micro Devices, Inc. All Rights Reserved.



open_hw_target
INFO: [Labtoolstcl 44-466] Opening hw_target localhost:3121/xilinx_tcf/Xilinx/887235230155A
set_property PROGRAM.FILE {/afs/andrew.cmu.edu/usr5/adieg/private/18240/lab5_240/project_1/project_1.runs/impl_1/RISC240_top.bit} [get_hw_devices xc7s50_0]
current_hw_device [get_hw_devices xc7s50_0]
refresh_hw_device -update_hw_probes false [lindex [get_hw_devices xc7s50_0] 0]
INFO: [Labtools 27-1434] Device xc7s50 (JTAG device index = 0) is programmed with a design that has no supported debug core(s) in it.
set_property PROBES.FILE {} [get_hw_devices xc7s50_0]
set_property FULL_PROBES.FILE {} [get_hw_devices xc7s50_0]
set_property PROGRAM.FILE {/afs/andrew.cmu.edu/usr5/adieg/private/18240/lab5_240/project_1/project_1.runs/impl_1/RISC240_top.bit} [get_hw_devices xc7s50_0]
program_hw_devices [get_hw_devices xc7s50_0]
INFO: [Labtools 27-3164] End of startup status: HIGH
refresh_hw_device [lindex [get_hw_devices xc7s50_0] 0]
INFO: [Labtools 27-1434] Device xc7s50 (JTAG device index = 0) is programmed with a design that has no supported debug core(s) in it.
WARNING: [filemgmt 56-199] Attempt to get parsing info during refresh. "On-the-fly" syntax checking information may be incorrect. [/afs/andrew.cmu.edu/usr5/adieg/private/18240/lab5_240/constants.sv:]
WARNING: [filemgmt 56-199] Attempt to get parsing info during refresh. "On-the-fly" syntax checking information may be incorrect. [/afs/andrew.cmu.edu/usr5/adieg/private/18240/lab5_240/RISC240.sv:]
WARNING: [filemgmt 56-199] Attempt to get parsing info during refresh. "On-the-fly" syntax checking information may be incorrect. [/afs/andrew.cmu.edu/usr5/adieg/private/18240/lab5_240/RISC240.sv:]
WARNING: [filemgmt 56-199] Attempt to get parsing info during refresh. "On-the-fly" syntax checking information may be incorrect. [/afs/andrew.cmu.edu/usr5/adieg/private/18240/lab5_240/RISC240.sv:]
WARNING: [filemgmt 56-199] Attempt to get parsing info during refresh. "On-the-fly" syntax checking information may be incorrect. [/afs/andrew.cmu.edu/usr5/adieg/private/18240/lab5_240/constants.sv:]
WARNING: [filemgmt 56-199] Attempt to get parsing info during refresh. "On-the-fly" syntax checking information may be incorrect. [/afs/andrew.cmu.edu/usr5/adieg/private/18240/lab5_240/RISC240.sv:]
WARNING: [filemgmt 56-199] Attempt to get parsing info during refresh. "On-the-fly" syntax checking information may be incorrect. [/afs/andrew.cmu.edu/usr5/adieg/private/18240/lab5_240/constants.sv:]
WARNING: [filemgmt 56-199] Attempt to get parsing info during refresh. "On-the-fly" syntax checking information may be incorrect. [/afs/andrew.cmu.edu/usr5/adieg/private/18240/lab5_240/constants.sv:]
WARNING: [filemgmt 56-199] Attempt to get parsing info during refresh. "On-the-fly" syntax checking information may be incorrect. [/afs/andrew.cmu.edu/usr5/adieg/private/18240/lab5_240/constants.sv:]
WARNING: [filemgmt 56-199] Attempt to get parsing info during refresh. "On-the-fly" syntax checking information may be incorrect. [/afs/andrew.cmu.edu/usr5/adieg/private/18240/lab5_240/RISC240.sv:]
WARNING: [filemgmt 56-199] Attempt to get parsing info during refresh. "On-the-fly" syntax checking information may be incorrect. [/afs/andrew.cmu.edu/usr5/adieg/private/18240/lab5_240/constants.sv:]
WARNING: [filemgmt 56-199] Attempt to get parsing info during refresh. "On-the-fly" syntax checking information may be incorrect. [/afs/andrew.cmu.edu/usr5/adieg/private/18240/lab5_240/constants.sv:]
update_compile_order -fileset sources_1
WARNING: [filemgmt 56-199] Attempt to get parsing info during refresh. "On-the-fly" syntax checking information may be incorrect. [/afs/andrew.cmu.edu/usr5/adieg/private/18240/lab5_240/constants.sv:]
WARNING: [filemgmt 56-199] Attempt to get parsing info during refresh. "On-the-fly" syntax checking information may be incorrect. [/afs/andrew.cmu.edu/usr5/adieg/private/18240/lab5_240/RISC240.sv:]
WARNING: [filemgmt 56-199] Attempt to get parsing info during refresh. "On-the-fly" syntax checking information may be incorrect. [/afs/andrew.cmu.edu/usr5/adieg/private/18240/lab5_240/RISC240.sv:]
WARNING: [filemgmt 56-199] Attempt to get parsing info during refresh. "On-the-fly" syntax checking information may be incorrect. [/afs/andrew.cmu.edu/usr5/adieg/private/18240/lab5_240/RISC240.sv:]
WARNING: [filemgmt 56-199] Attempt to get parsing info during refresh. "On-the-fly" syntax checking information may be incorrect. [/afs/andrew.cmu.edu/usr5/adieg/private/18240/lab5_240/constants.sv:]
WARNING: [filemgmt 56-199] Attempt to get parsing info during refresh. "On-the-fly" syntax checking information may be incorrect. [/afs/andrew.cmu.edu/usr5/adieg/private/18240/lab5_240/RISC240.sv:]
WARNING: [filemgmt 56-199] Attempt to get parsing info during refresh. "On-the-fly" syntax checking information may be incorrect. [/afs/andrew.cmu.edu/usr5/adieg/private/18240/lab5_240/RISC240.sv:]
WARNING: [filemgmt 56-199] Attempt to get parsing info during refresh. "On-the-fly" syntax checking information may be incorrect. [/afs/andrew.cmu.edu/usr5/adieg/private/18240/lab5_240/RISC240.sv:]
WARNING: [filemgmt 56-199] Attempt to get parsing info during refresh. "On-the-fly" syntax checking information may be incorrect. [/afs/andrew.cmu.edu/usr5/adieg/private/18240/lab5_240/constants.sv:]
WARNING: [filemgmt 56-199] Attempt to get parsing info during refresh. "On-the-fly" syntax checking information may be incorrect. [/afs/andrew.cmu.edu/usr5/adieg/private/18240/lab5_240/RISC240.sv:]
WARNING: [filemgmt 56-199] Attempt to get parsing info during refresh. "On-the-fly" syntax checking information may be incorrect. [/afs/andrew.cmu.edu/usr5/adieg/private/18240/lab5_240/constants.sv:]
WARNING: [filemgmt 56-199] Attempt to get parsing info during refresh. "On-the-fly" syntax checking information may be incorrect. [/afs/andrew.cmu.edu/usr5/adieg/private/18240/lab5_240/constants.sv:]
WARNING: [filemgmt 56-199] Attempt to get parsing info during refresh. "On-the-fly" syntax checking information may be incorrect. [/afs/andrew.cmu.edu/usr5/adieg/private/18240/lab5_240/constants.sv:]
WARNING: [filemgmt 56-199] Attempt to get parsing info during refresh. "On-the-fly" syntax checking information may be incorrect. [/afs/andrew.cmu.edu/usr5/adieg/private/18240/lab5_240/RISC240.sv:]
WARNING: [filemgmt 56-199] Attempt to get parsing info during refresh. "On-the-fly" syntax checking information may be incorrect. [/afs/andrew.cmu.edu/usr5/adieg/private/18240/lab5_240/RISC240.sv:]
WARNING: [filemgmt 56-199] Attempt to get parsing info during refresh. "On-the-fly" syntax checking information may be incorrect. [/afs/andrew.cmu.edu/usr5/adieg/private/18240/lab5_240/RISC240.sv:]
WARNING: [filemgmt 56-199] Attempt to get parsing info during refresh. "On-the-fly" syntax checking information may be incorrect. [/afs/andrew.cmu.edu/usr5/adieg/private/18240/lab5_240/constants.sv:]
WARNING: [filemgmt 56-199] Attempt to get parsing info during refresh. "On-the-fly" syntax checking information may be incorrect. [/afs/andrew.cmu.edu/usr5/adieg/private/18240/lab5_240/RISC240.sv:]
WARNING: [filemgmt 56-199] Attempt to get parsing info during refresh. "On-the-fly" syntax checking information may be incorrect. [/afs/andrew.cmu.edu/usr5/adieg/private/18240/lab5_240/constants.sv:]
WARNING: [filemgmt 56-199] Attempt to get parsing info during refresh. "On-the-fly" syntax checking information may be incorrect. [/afs/andrew.cmu.edu/usr5/adieg/private/18240/lab5_240/constants.sv:]
WARNING: [filemgmt 56-199] Attempt to get parsing info during refresh. "On-the-fly" syntax checking information may be incorrect. [/afs/andrew.cmu.edu/usr5/adieg/private/18240/lab5_240/constants.sv:]
WARNING: [filemgmt 56-199] Attempt to get parsing info during refresh. "On-the-fly" syntax checking information may be incorrect. [/afs/andrew.cmu.edu/usr5/adieg/private/18240/lab5_240/RISC240.sv:]
WARNING: [filemgmt 56-199] Attempt to get parsing info during refresh. "On-the-fly" syntax checking information may be incorrect. [/afs/andrew.cmu.edu/usr5/adieg/private/18240/lab5_240/RISC240.sv:]
WARNING: [filemgmt 56-199] Attempt to get parsing info during refresh. "On-the-fly" syntax checking information may be incorrect. [/afs/andrew.cmu.edu/usr5/adieg/private/18240/lab5_240/RISC240.sv:]
WARNING: [filemgmt 56-199] Attempt to get parsing info during refresh. "On-the-fly" syntax checking information may be incorrect. [/afs/andrew.cmu.edu/usr5/adieg/private/18240/lab5_240/constants.sv:]
WARNING: [filemgmt 56-199] Attempt to get parsing info during refresh. "On-the-fly" syntax checking information may be incorrect. [/afs/andrew.cmu.edu/usr5/adieg/private/18240/lab5_240/RISC240.sv:]
WARNING: [filemgmt 56-199] Attempt to get parsing info during refresh. "On-the-fly" syntax checking information may be incorrect. [/afs/andrew.cmu.edu/usr5/adieg/private/18240/lab5_240/RISC240.sv:]
WARNING: [filemgmt 56-199] Attempt to get parsing info during refresh. "On-the-fly" syntax checking information may be incorrect. [/afs/andrew.cmu.edu/usr5/adieg/private/18240/lab5_240/RISC240.sv:]
WARNING: [filemgmt 56-199] Attempt to get parsing info during refresh. "On-the-fly" syntax checking information may be incorrect. [/afs/andrew.cmu.edu/usr5/adieg/private/18240/lab5_240/constants.sv:]
WARNING: [filemgmt 56-199] Attempt to get parsing info during refresh. "On-the-fly" syntax checking information may be incorrect. [/afs/andrew.cmu.edu/usr5/adieg/private/18240/lab5_240/RISC240.sv:]
WARNING: [filemgmt 56-199] Attempt to get parsing info during refresh. "On-the-fly" syntax checking information may be incorrect. [/afs/andrew.cmu.edu/usr5/adieg/private/18240/lab5_240/RISC240.sv:]
WARNING: [filemgmt 56-199] Attempt to get parsing info during refresh. "On-the-fly" syntax checking information may be incorrect. [/afs/andrew.cmu.edu/usr5/adieg/private/18240/lab5_240/RISC240.sv:]
WARNING: [filemgmt 56-199] Attempt to get parsing info during refresh. "On-the-fly" syntax checking information may be incorrect. [/afs/andrew.cmu.edu/usr5/adieg/private/18240/lab5_240/constants.sv:]
WARNING: [filemgmt 56-199] Attempt to get parsing info during refresh. "On-the-fly" syntax checking information may be incorrect. [/afs/andrew.cmu.edu/usr5/adieg/private/18240/lab5_240/RISC240.sv:]
WARNING: [filemgmt 56-199] Attempt to get parsing info during refresh. "On-the-fly" syntax checking information may be incorrect. [/afs/andrew.cmu.edu/usr5/adieg/private/18240/lab5_240/constants.sv:]
WARNING: [filemgmt 56-199] Attempt to get parsing info during refresh. "On-the-fly" syntax checking information may be incorrect. [/afs/andrew.cmu.edu/usr5/adieg/private/18240/lab5_240/constants.sv:]
WARNING: [filemgmt 56-199] Attempt to get parsing info during refresh. "On-the-fly" syntax checking information may be incorrect. [/afs/andrew.cmu.edu/usr5/adieg/private/18240/lab5_240/constants.sv:]
WARNING: [filemgmt 56-199] Attempt to get parsing info during refresh. "On-the-fly" syntax checking information may be incorrect. [/afs/andrew.cmu.edu/usr5/adieg/private/18240/lab5_240/RISC240.sv:]
WARNING: [filemgmt 56-199] Attempt to get parsing info during refresh. "On-the-fly" syntax checking information may be incorrect. [/afs/andrew.cmu.edu/usr5/adieg/private/18240/lab5_240/constants.sv:]
WARNING: [filemgmt 56-199] Attempt to get parsing info during refresh. "On-the-fly" syntax checking information may be incorrect. [/afs/andrew.cmu.edu/usr5/adieg/private/18240/lab5_240/constants.sv:]
WARNING: [filemgmt 56-199] Attempt to get parsing info during refresh. "On-the-fly" syntax checking information may be incorrect. [/afs/andrew.cmu.edu/usr5/adieg/private/18240/lab5_240/constants.sv:]
WARNING: [filemgmt 56-199] Attempt to get parsing info during refresh. "On-the-fly" syntax checking information may be incorrect. [/afs/andrew.cmu.edu/usr5/adieg/private/18240/lab5_240/RISC240.sv:]
WARNING: [filemgmt 56-199] Attempt to get parsing info during refresh. "On-the-fly" syntax checking information may be incorrect. [/afs/andrew.cmu.edu/usr5/adieg/private/18240/lab5_240/RISC240.sv:]
WARNING: [filemgmt 56-199] Attempt to get parsing info during refresh. "On-the-fly" syntax checking information may be incorrect. [/afs/andrew.cmu.edu/usr5/adieg/private/18240/lab5_240/RISC240.sv:]
WARNING: [filemgmt 56-199] Attempt to get parsing info during refresh. "On-the-fly" syntax checking information may be incorrect. [/afs/andrew.cmu.edu/usr5/adieg/private/18240/lab5_240/constants.sv:]
WARNING: [filemgmt 56-199] Attempt to get parsing info during refresh. "On-the-fly" syntax checking information may be incorrect. [/afs/andrew.cmu.edu/usr5/adieg/private/18240/lab5_240/RISC240.sv:]
WARNING: [filemgmt 56-199] Attempt to get parsing info during refresh. "On-the-fly" syntax checking information may be incorrect. [/afs/andrew.cmu.edu/usr5/adieg/private/18240/lab5_240/constants.sv:]
WARNING: [filemgmt 56-199] Attempt to get parsing info during refresh. "On-the-fly" syntax checking information may be incorrect. [/afs/andrew.cmu.edu/usr5/adieg/private/18240/lab5_240/constants.sv:]
WARNING: [filemgmt 56-199] Attempt to get parsing info during refresh. "On-the-fly" syntax checking information may be incorrect. [/afs/andrew.cmu.edu/usr5/adieg/private/18240/lab5_240/constants.sv:]
WARNING: [filemgmt 56-199] Attempt to get parsing info during refresh. "On-the-fly" syntax checking information may be incorrect. [/afs/andrew.cmu.edu/usr5/adieg/private/18240/lab5_240/RISC240.sv:]
WARNING: [filemgmt 56-199] Attempt to get parsing info during refresh. "On-the-fly" syntax checking information may be incorrect. [/afs/andrew.cmu.edu/usr5/adieg/private/18240/lab5_240/RISC240.sv:]
WARNING: [filemgmt 56-199] Attempt to get parsing info during refresh. "On-the-fly" syntax checking information may be incorrect. [/afs/andrew.cmu.edu/usr5/adieg/private/18240/lab5_240/RISC240.sv:]
WARNING: [filemgmt 56-199] Attempt to get parsing info during refresh. "On-the-fly" syntax checking information may be incorrect. [/afs/andrew.cmu.edu/usr5/adieg/private/18240/lab5_240/constants.sv:]
WARNING: [filemgmt 56-199] Attempt to get parsing info during refresh. "On-the-fly" syntax checking information may be incorrect. [/afs/andrew.cmu.edu/usr5/adieg/private/18240/lab5_240/RISC240.sv:]
WARNING: [filemgmt 56-199] Attempt to get parsing info during refresh. "On-the-fly" syntax checking information may be incorrect. [/afs/andrew.cmu.edu/usr5/adieg/private/18240/lab5_240/RISC240.sv:]
WARNING: [filemgmt 56-199] Attempt to get parsing info during refresh. "On-the-fly" syntax checking information may be incorrect. [/afs/andrew.cmu.edu/usr5/adieg/private/18240/lab5_240/RISC240.sv:]
WARNING: [filemgmt 56-199] Attempt to get parsing info during refresh. "On-the-fly" syntax checking information may be incorrect. [/afs/andrew.cmu.edu/usr5/adieg/private/18240/lab5_240/constants.sv:]
WARNING: [filemgmt 56-199] Attempt to get parsing info during refresh. "On-the-fly" syntax checking information may be incorrect. [/afs/andrew.cmu.edu/usr5/adieg/private/18240/lab5_240/RISC240.sv:]
WARNING: [filemgmt 56-199] Attempt to get parsing info during refresh. "On-the-fly" syntax checking information may be incorrect. [/afs/andrew.cmu.edu/usr5/adieg/private/18240/lab5_240/constants.sv:]
WARNING: [filemgmt 56-199] Attempt to get parsing info during refresh. "On-the-fly" syntax checking information may be incorrect. [/afs/andrew.cmu.edu/usr5/adieg/private/18240/lab5_240/constants.sv:]
WARNING: [filemgmt 56-199] Attempt to get parsing info during refresh. "On-the-fly" syntax checking information may be incorrect. [/afs/andrew.cmu.edu/usr5/adieg/private/18240/lab5_240/constants.sv:]
WARNING: [filemgmt 56-199] Attempt to get parsing info during refresh. "On-the-fly" syntax checking information may be incorrect. [/afs/andrew.cmu.edu/usr5/adieg/private/18240/lab5_240/RISC240.sv:]
WARNING: [filemgmt 56-199] Attempt to get parsing info during refresh. "On-the-fly" syntax checking information may be incorrect. [/afs/andrew.cmu.edu/usr5/adieg/private/18240/lab5_240/constants.sv:]
WARNING: [filemgmt 56-199] Attempt to get parsing info during refresh. "On-the-fly" syntax checking information may be incorrect. [/afs/andrew.cmu.edu/usr5/adieg/private/18240/lab5_240/constants.sv:]
WARNING: [filemgmt 56-199] Attempt to get parsing info during refresh. "On-the-fly" syntax checking information may be incorrect. [/afs/andrew.cmu.edu/usr5/adieg/private/18240/lab5_240/constants.sv:]
WARNING: [filemgmt 56-199] Attempt to get parsing info during refresh. "On-the-fly" syntax checking information may be incorrect. [/afs/andrew.cmu.edu/usr5/adieg/private/18240/lab5_240/RISC240.sv:]
WARNING: [filemgmt 56-199] Attempt to get parsing info during refresh. "On-the-fly" syntax checking information may be incorrect. [/afs/andrew.cmu.edu/usr5/adieg/private/18240/lab5_240/constants.sv:]
WARNING: [filemgmt 56-199] Attempt to get parsing info during refresh. "On-the-fly" syntax checking information may be incorrect. [/afs/andrew.cmu.edu/usr5/adieg/private/18240/lab5_240/constants.sv:]
WARNING: [filemgmt 56-199] Attempt to get parsing info during refresh. "On-the-fly" syntax checking information may be incorrect. [/afs/andrew.cmu.edu/usr5/adieg/private/18240/lab5_240/constants.sv:]
WARNING: [filemgmt 56-199] Attempt to get parsing info during refresh. "On-the-fly" syntax checking information may be incorrect. [/afs/andrew.cmu.edu/usr5/adieg/private/18240/lab5_240/RISC240.sv:]
WARNING: [filemgmt 56-199] Attempt to get parsing info during refresh. "On-the-fly" syntax checking information may be incorrect. [/afs/andrew.cmu.edu/usr5/adieg/private/18240/lab5_240/constants.sv:]
WARNING: [filemgmt 56-199] Attempt to get parsing info during refresh. "On-the-fly" syntax checking information may be incorrect. [/afs/andrew.cmu.edu/usr5/adieg/private/18240/lab5_240/constants.sv:]
WARNING: [filemgmt 56-199] Attempt to get parsing info during refresh. "On-the-fly" syntax checking information may be incorrect. [/afs/andrew.cmu.edu/usr5/adieg/private/18240/lab5_240/constants.sv:]
WARNING: [filemgmt 56-199] Attempt to get parsing info during refresh. "On-the-fly" syntax checking information may be incorrect. [/afs/andrew.cmu.edu/usr5/adieg/private/18240/lab5_240/RISC240.sv:]
WARNING: [filemgmt 56-199] Attempt to get parsing info during refresh. "On-the-fly" syntax checking information may be incorrect. [/afs/andrew.cmu.edu/usr5/adieg/private/18240/lab5_240/RISC240.sv:]
WARNING: [filemgmt 56-199] Attempt to get parsing info during refresh. "On-the-fly" syntax checking information may be incorrect. [/afs/andrew.cmu.edu/usr5/adieg/private/18240/lab5_240/RISC240.sv:]
WARNING: [filemgmt 56-199] Attempt to get parsing info during refresh. "On-the-fly" syntax checking information may be incorrect. [/afs/andrew.cmu.edu/usr5/adieg/private/18240/lab5_240/constants.sv:]
WARNING: [filemgmt 56-199] Attempt to get parsing info during refresh. "On-the-fly" syntax checking information may be incorrect. [/afs/andrew.cmu.edu/usr5/adieg/private/18240/lab5_240/RISC240.sv:]
WARNING: [filemgmt 56-199] Attempt to get parsing info during refresh. "On-the-fly" syntax checking information may be incorrect. [/afs/andrew.cmu.edu/usr5/adieg/private/18240/lab5_240/constants.sv:]
WARNING: [filemgmt 56-199] Attempt to get parsing info during refresh. "On-the-fly" syntax checking information may be incorrect. [/afs/andrew.cmu.edu/usr5/adieg/private/18240/lab5_240/constants.sv:]
WARNING: [filemgmt 56-199] Attempt to get parsing info during refresh. "On-the-fly" syntax checking information may be incorrect. [/afs/andrew.cmu.edu/usr5/adieg/private/18240/lab5_240/constants.sv:]
WARNING: [filemgmt 56-199] Attempt to get parsing info during refresh. "On-the-fly" syntax checking information may be incorrect. [/afs/andrew.cmu.edu/usr5/adieg/private/18240/lab5_240/RISC240.sv:]
WARNING: [filemgmt 56-199] Attempt to get parsing info during refresh. "On-the-fly" syntax checking information may be incorrect. [/afs/andrew.cmu.edu/usr5/adieg/private/18240/lab5_240/RISC240.sv:]
WARNING: [filemgmt 56-199] Attempt to get parsing info during refresh. "On-the-fly" syntax checking information may be incorrect. [/afs/andrew.cmu.edu/usr5/adieg/private/18240/lab5_240/RISC240.sv:]
WARNING: [filemgmt 56-199] Attempt to get parsing info during refresh. "On-the-fly" syntax checking information may be incorrect. [/afs/andrew.cmu.edu/usr5/adieg/private/18240/lab5_240/constants.sv:]
WARNING: [filemgmt 56-199] Attempt to get parsing info during refresh. "On-the-fly" syntax checking information may be incorrect. [/afs/andrew.cmu.edu/usr5/adieg/private/18240/lab5_240/RISC240.sv:]
WARNING: [filemgmt 56-199] Attempt to get parsing info during refresh. "On-the-fly" syntax checking information may be incorrect. [/afs/andrew.cmu.edu/usr5/adieg/private/18240/lab5_240/constants.sv:]
WARNING: [filemgmt 56-199] Attempt to get parsing info during refresh. "On-the-fly" syntax checking information may be incorrect. [/afs/andrew.cmu.edu/usr5/adieg/private/18240/lab5_240/constants.sv:]
WARNING: [filemgmt 56-199] Attempt to get parsing info during refresh. "On-the-fly" syntax checking information may be incorrect. [/afs/andrew.cmu.edu/usr5/adieg/private/18240/lab5_240/constants.sv:]
WARNING: [filemgmt 56-199] Attempt to get parsing info during refresh. "On-the-fly" syntax checking information may be incorrect. [/afs/andrew.cmu.edu/usr5/adieg/private/18240/lab5_240/RISC240.sv:]
WARNING: [filemgmt 56-199] Attempt to get parsing info during refresh. "On-the-fly" syntax checking information may be incorrect. [/afs/andrew.cmu.edu/usr5/adieg/private/18240/lab5_240/RISC240.sv:]
WARNING: [filemgmt 56-199] Attempt to get parsing info during refresh. "On-the-fly" syntax checking information may be incorrect. [/afs/andrew.cmu.edu/usr5/adieg/private/18240/lab5_240/RISC240.sv:]
WARNING: [filemgmt 56-199] Attempt to get parsing info during refresh. "On-the-fly" syntax checking information may be incorrect. [/afs/andrew.cmu.edu/usr5/adieg/private/18240/lab5_240/constants.sv:]
WARNING: [filemgmt 56-199] Attempt to get parsing info during refresh. "On-the-fly" syntax checking information may be incorrect. [/afs/andrew.cmu.edu/usr5/adieg/private/18240/lab5_240/RISC240.sv:]
WARNING: [filemgmt 56-199] Attempt to get parsing info during refresh. "On-the-fly" syntax checking information may be incorrect. [/afs/andrew.cmu.edu/usr5/adieg/private/18240/lab5_240/RISC240.sv:]
WARNING: [filemgmt 56-199] Attempt to get parsing info during refresh. "On-the-fly" syntax checking information may be incorrect. [/afs/andrew.cmu.edu/usr5/adieg/private/18240/lab5_240/RISC240.sv:]
WARNING: [filemgmt 56-199] Attempt to get parsing info during refresh. "On-the-fly" syntax checking information may be incorrect. [/afs/andrew.cmu.edu/usr5/adieg/private/18240/lab5_240/constants.sv:]
WARNING: [filemgmt 56-199] Attempt to get parsing info during refresh. "On-the-fly" syntax checking information may be incorrect. [/afs/andrew.cmu.edu/usr5/adieg/private/18240/lab5_240/RISC240.sv:]
WARNING: [filemgmt 56-199] Attempt to get parsing info during refresh. "On-the-fly" syntax checking information may be incorrect. [/afs/andrew.cmu.edu/usr5/adieg/private/18240/lab5_240/RISC240.sv:]
WARNING: [filemgmt 56-199] Attempt to get parsing info during refresh. "On-the-fly" syntax checking information may be incorrect. [/afs/andrew.cmu.edu/usr5/adieg/private/18240/lab5_240/RISC240.sv:]
WARNING: [filemgmt 56-199] Attempt to get parsing info during refresh. "On-the-fly" syntax checking information may be incorrect. [/afs/andrew.cmu.edu/usr5/adieg/private/18240/lab5_240/constants.sv:]
WARNING: [filemgmt 56-199] Attempt to get parsing info during refresh. "On-the-fly" syntax checking information may be incorrect. [/afs/andrew.cmu.edu/usr5/adieg/private/18240/lab5_240/RISC240.sv:]
WARNING: [filemgmt 56-199] Attempt to get parsing info during refresh. "On-the-fly" syntax checking information may be incorrect. [/afs/andrew.cmu.edu/usr5/adieg/private/18240/lab5_240/RISC240.sv:]
WARNING: [filemgmt 56-199] Attempt to get parsing info during refresh. "On-the-fly" syntax checking information may be incorrect. [/afs/andrew.cmu.edu/usr5/adieg/private/18240/lab5_240/RISC240.sv:]
INFO: [Common 17-14] Message 'filemgmt 56-199' appears 100 times and further instances of the messages will be disabled. Use the Tcl command set_msg_config to change the current settings.
